# Logfile created on 2014-01-08 11:31:13 +0800 by logger.rb/31641
I, [2014-01-08T11:31:13.434231 #2053]  INFO -- : 0:  daemons (1.1.9) from /Users/xieyu/.rvm/gems/ruby-2.0.0-p353/specifications/daemons-1.1.9.gemspec
I, [2014-01-08T11:31:13.434631 #2053]  INFO -- : 0:  eventmachine (1.0.3) from /Users/xieyu/.rvm/gems/ruby-2.0.0-p353/specifications/eventmachine-1.0.3.gemspec
I, [2014-01-08T11:31:13.434969 #2053]  INFO -- : 0:  rack (1.5.2) from /Users/xieyu/.rvm/gems/ruby-2.0.0-p353/specifications/rack-1.5.2.gemspec
I, [2014-01-08T11:31:13.435230 #2053]  INFO -- : 0:  rack-protection (1.5.1) from /Users/xieyu/.rvm/gems/ruby-2.0.0-p353/specifications/rack-protection-1.5.1.gemspec
I, [2014-01-08T11:31:13.435490 #2053]  INFO -- : 0:  tilt (1.4.1) from /Users/xieyu/.rvm/gems/ruby-2.0.0-p353/specifications/tilt-1.4.1.gemspec
I, [2014-01-08T11:31:13.435751 #2053]  INFO -- : 0:  sinatra (1.4.4) from /Users/xieyu/.rvm/gems/ruby-2.0.0-p353/specifications/sinatra-1.4.4.gemspec
I, [2014-01-08T11:31:13.436032 #2053]  INFO -- : 0:  thin (1.6.1) from /Users/xieyu/.rvm/gems/ruby-2.0.0-p353/specifications/thin-1.6.1.gemspec
I, [2014-01-08T11:31:13.436356 #2053]  INFO -- : 0:  bundler (1.5.1) from /Users/xieyu/.rvm/gems/ruby-2.0.0-p353@global/specifications/bundler-1.5.1.gemspec
I, [2014-01-08T11:44:08.598381 #2418]  INFO -- : 0:  i18n (0.6.9) from /Users/xieyu/.rvm/gems/ruby-2.0.0-p353/specifications/i18n-0.6.9.gemspec
I, [2014-01-08T11:44:08.598799 #2418]  INFO -- : 0:  minitest (4.7.5) from /Users/xieyu/.rvm/gems/ruby-2.0.0-p353/specifications/minitest-4.7.5.gemspec
I, [2014-01-08T11:44:08.599143 #2418]  INFO -- : 0:  multi_json (1.8.2) from /Users/xieyu/.rvm/gems/ruby-2.0.0-p353/specifications/multi_json-1.8.2.gemspec
I, [2014-01-08T11:44:08.599460 #2418]  INFO -- : 0:  atomic (1.1.14) from /Users/xieyu/.rvm/gems/ruby-2.0.0-p353/specifications/atomic-1.1.14.gemspec
I, [2014-01-08T11:44:08.599765 #2418]  INFO -- : 0:  thread_safe (0.1.3) from /Users/xieyu/.rvm/gems/ruby-2.0.0-p353/specifications/thread_safe-0.1.3.gemspec
I, [2014-01-08T11:44:08.600076 #2418]  INFO -- : 0:  tzinfo (0.3.38) from /Users/xieyu/.rvm/gems/ruby-2.0.0-p353/specifications/tzinfo-0.3.38.gemspec
I, [2014-01-08T11:44:08.600403 #2418]  INFO -- : 0:  activesupport (4.0.2) from /Users/xieyu/.rvm/gems/ruby-2.0.0-p353/specifications/activesupport-4.0.2.gemspec
I, [2014-01-08T11:44:08.600677 #2418]  INFO -- : 0:  builder (3.1.4) from /Users/xieyu/.rvm/gems/ruby-2.0.0-p353/specifications/builder-3.1.4.gemspec
I, [2014-01-08T11:44:08.600936 #2418]  INFO -- : 0:  activemodel (4.0.2) from /Users/xieyu/.rvm/gems/ruby-2.0.0-p353/specifications/activemodel-4.0.2.gemspec
I, [2014-01-08T11:44:08.601189 #2418]  INFO -- : 0:  activerecord-deprecated_finders (1.0.3) from /Users/xieyu/.rvm/gems/ruby-2.0.0-p353/specifications/activerecord-deprecated_finders-1.0.3.gemspec
I, [2014-01-08T11:44:08.601439 #2418]  INFO -- : 0:  arel (4.0.1) from /Users/xieyu/.rvm/gems/ruby-2.0.0-p353/specifications/arel-4.0.1.gemspec
I, [2014-01-08T11:44:08.601688 #2418]  INFO -- : 0:  activerecord (4.0.2) from /Users/xieyu/.rvm/gems/ruby-2.0.0-p353/specifications/activerecord-4.0.2.gemspec
I, [2014-01-08T11:44:08.601926 #2418]  INFO -- : 0:  backports (3.4.0) from /Users/xieyu/.rvm/gems/ruby-2.0.0-p353/specifications/backports-3.4.0.gemspec
I, [2014-01-08T11:44:08.602173 #2418]  INFO -- : 0:  daemons (1.1.9) from /Users/xieyu/.rvm/gems/ruby-2.0.0-p353/specifications/daemons-1.1.9.gemspec
I, [2014-01-08T11:44:08.602420 #2418]  INFO -- : 0:  eventmachine (1.0.3) from /Users/xieyu/.rvm/gems/ruby-2.0.0-p353/specifications/eventmachine-1.0.3.gemspec
I, [2014-01-08T11:44:08.602661 #2418]  INFO -- : 0:  mysql2 (0.3.14) from /Users/xieyu/.rvm/gems/ruby-2.0.0-p353/specifications/mysql2-0.3.14.gemspec
I, [2014-01-08T11:44:08.602907 #2418]  INFO -- : 0:  rack (1.5.2) from /Users/xieyu/.rvm/gems/ruby-2.0.0-p353/specifications/rack-1.5.2.gemspec
I, [2014-01-08T11:44:08.603194 #2418]  INFO -- : 0:  rack-protection (1.5.1) from /Users/xieyu/.rvm/gems/ruby-2.0.0-p353/specifications/rack-protection-1.5.1.gemspec
I, [2014-01-08T11:44:08.603486 #2418]  INFO -- : 0:  rack-test (0.6.2) from /Users/xieyu/.rvm/gems/ruby-2.0.0-p353/specifications/rack-test-0.6.2.gemspec
I, [2014-01-08T11:44:08.603809 #2418]  INFO -- : 0:  tilt (1.4.1) from /Users/xieyu/.rvm/gems/ruby-2.0.0-p353/specifications/tilt-1.4.1.gemspec
I, [2014-01-08T11:44:08.604097 #2418]  INFO -- : 0:  sinatra (1.4.4) from /Users/xieyu/.rvm/gems/ruby-2.0.0-p353/specifications/sinatra-1.4.4.gemspec
I, [2014-01-08T11:44:08.604380 #2418]  INFO -- : 0:  sinatra-activerecord (1.2.3) from /Users/xieyu/.rvm/gems/ruby-2.0.0-p353/specifications/sinatra-activerecord-1.2.3.gemspec
I, [2014-01-08T11:44:08.604671 #2418]  INFO -- : 0:  sinatra-contrib (1.4.2) from /Users/xieyu/.rvm/gems/ruby-2.0.0-p353/specifications/sinatra-contrib-1.4.2.gemspec
I, [2014-01-08T11:44:08.604964 #2418]  INFO -- : 0:  thin (1.6.1) from /Users/xieyu/.rvm/gems/ruby-2.0.0-p353/specifications/thin-1.6.1.gemspec
I, [2014-01-08T11:44:08.605237 #2418]  INFO -- : 0:  bundler (1.5.1) from /Users/xieyu/.rvm/gems/ruby-2.0.0-p353@global/specifications/bundler-1.5.1.gemspec
I, [2014-01-10T09:42:19.858830 #861]  INFO -- : 0:  i18n (0.6.9) from /Users/xieyu/.rvm/gems/ruby-2.0.0-p353/specifications/i18n-0.6.9.gemspec
I, [2014-01-10T09:42:19.862441 #861]  INFO -- : 0:  minitest (4.7.5) from /Users/xieyu/.rvm/gems/ruby-2.0.0-p353/specifications/minitest-4.7.5.gemspec
I, [2014-01-10T09:42:19.863208 #861]  INFO -- : 0:  multi_json (1.8.2) from /Users/xieyu/.rvm/gems/ruby-2.0.0-p353/specifications/multi_json-1.8.2.gemspec
I, [2014-01-10T09:42:19.863981 #861]  INFO -- : 0:  atomic (1.1.14) from /Users/xieyu/.rvm/gems/ruby-2.0.0-p353/specifications/atomic-1.1.14.gemspec
I, [2014-01-10T09:42:19.864772 #861]  INFO -- : 0:  thread_safe (0.1.3) from /Users/xieyu/.rvm/gems/ruby-2.0.0-p353/specifications/thread_safe-0.1.3.gemspec
I, [2014-01-10T09:42:19.865599 #861]  INFO -- : 0:  tzinfo (0.3.38) from /Users/xieyu/.rvm/gems/ruby-2.0.0-p353/specifications/tzinfo-0.3.38.gemspec
I, [2014-01-10T09:42:27.927202 #861]  INFO -- : 0:  activesupport (4.0.2) from /Users/xieyu/.rvm/gems/ruby-2.0.0-p353/specifications/activesupport-4.0.2.gemspec
I, [2014-01-10T09:42:27.928089 #861]  INFO -- : 0:  builder (3.1.4) from /Users/xieyu/.rvm/gems/ruby-2.0.0-p353/specifications/builder-3.1.4.gemspec
I, [2014-01-10T09:42:34.224276 #861]  INFO -- : 0:  activemodel (4.0.2) from /Users/xieyu/.rvm/gems/ruby-2.0.0-p353/specifications/activemodel-4.0.2.gemspec
I, [2014-01-10T09:42:34.225586 #861]  INFO -- : 0:  activerecord-deprecated_finders (1.0.3) from /Users/xieyu/.rvm/gems/ruby-2.0.0-p353/specifications/activerecord-deprecated_finders-1.0.3.gemspec
I, [2014-01-10T09:42:34.226555 #861]  INFO -- : 0:  arel (4.0.1) from /Users/xieyu/.rvm/gems/ruby-2.0.0-p353/specifications/arel-4.0.1.gemspec
I, [2014-01-10T09:42:47.717362 #861]  INFO -- : 0:  activerecord (4.0.2) from /Users/xieyu/.rvm/gems/ruby-2.0.0-p353/specifications/activerecord-4.0.2.gemspec
I, [2014-01-10T09:42:51.789701 #861]  INFO -- : 0:  backports (3.4.0) from /Users/xieyu/.rvm/gems/ruby-2.0.0-p353/specifications/backports-3.4.0.gemspec
I, [2014-01-10T09:42:54.328315 #861]  INFO -- : 0:  daemons (1.1.9) from /Users/xieyu/.rvm/gems/ruby-2.0.0-p353/specifications/daemons-1.1.9.gemspec
I, [2014-01-10T09:43:13.465174 #861]  INFO -- : 0:  eventmachine (1.0.3) from /Users/xieyu/.rvm/gems/ruby-2.0.0-p353/specifications/eventmachine-1.0.3.gemspec
I, [2014-01-10T09:43:13.466184 #861]  INFO -- : 0:  mysql2 (0.3.14) from /Users/xieyu/.rvm/gems/ruby-2.0.0-p353/specifications/mysql2-0.3.14.gemspec
I, [2014-01-10T09:43:13.467109 #861]  INFO -- : 0:  rack (1.5.2) from /Users/xieyu/.rvm/gems/ruby-2.0.0-p353/specifications/rack-1.5.2.gemspec
I, [2014-01-10T09:43:15.222657 #861]  INFO -- : 0:  rack-protection (1.5.1) from /Users/xieyu/.rvm/gems/ruby-2.0.0-p353/specifications/rack-protection-1.5.1.gemspec
I, [2014-01-10T09:43:15.223536 #861]  INFO -- : 0:  rack-test (0.6.2) from /Users/xieyu/.rvm/gems/ruby-2.0.0-p353/specifications/rack-test-0.6.2.gemspec
I, [2014-01-10T09:43:15.224302 #861]  INFO -- : 0:  tilt (1.4.1) from /Users/xieyu/.rvm/gems/ruby-2.0.0-p353/specifications/tilt-1.4.1.gemspec
I, [2014-01-10T09:43:32.218510 #861]  INFO -- : 0:  sinatra (1.4.4) from /Users/xieyu/.rvm/gems/ruby-2.0.0-p353/specifications/sinatra-1.4.4.gemspec
I, [2014-01-10T09:43:34.015973 #861]  INFO -- : 0:  sinatra-activerecord (1.2.3) from /Users/xieyu/.rvm/gems/ruby-2.0.0-p353/specifications/sinatra-activerecord-1.2.3.gemspec
I, [2014-01-10T09:43:36.466234 #861]  INFO -- : 0:  sinatra-contrib (1.4.2) from /Users/xieyu/.rvm/gems/ruby-2.0.0-p353/specifications/sinatra-contrib-1.4.2.gemspec
I, [2014-01-10T09:43:39.451499 #861]  INFO -- : 0:  thin (1.6.1) from /Users/xieyu/.rvm/gems/ruby-2.0.0-p353/specifications/thin-1.6.1.gemspec
I, [2014-01-10T09:43:39.452448 #861]  INFO -- : 0:  bundler (1.5.1) from /Users/xieyu/.rvm/gems/ruby-2.0.0-p353@global/specifications/bundler-1.5.1.gemspec
